[0m11:10:49.215408 [debug] [MainThread]: Sending event: {'category': 'dbt', 'action': 'invocation', 'label': 'start', 'context': [<snowplow_tracker.self_describing_json.SelfDescribingJson object at 0x0000023A93C6A540>, <snowplow_tracker.self_describing_json.SelfDescribingJson object at 0x0000023A93C6A5A0>, <snowplow_tracker.self_describing_json.SelfDescribingJson object at 0x0000023A93C6A4B0>]}


============================== 11:10:49.221182 | 41685a58-e2d9-4e6b-adfc-b598b9a07253 ==============================
[0m11:10:49.221182 [info ] [MainThread]: Running with dbt=1.10.1
[0m11:10:49.222166 [debug] [MainThread]: running dbt with arguments {'printer_width': '80', 'indirect_selection': 'eager', 'log_cache_events': 'False', 'write_json': 'True', 'partial_parse': 'True', 'cache_selected_only': 'False', 'warn_error': 'None', 'fail_fast': 'False', 'debug': 'False', 'log_path': 'logs', 'profiles_dir': 'C:\\Users\\Vansh\\.dbt', 'version_check': 'True', 'use_colors': 'True', 'use_experimental_parser': 'False', 'no_print': 'None', 'quiet': 'False', 'empty': 'None', 'warn_error_options': 'WarnErrorOptionsV2(error=[], warn=[], silence=[])', 'invocation_command': 'dbt init project', 'static_parser': 'True', 'log_format': 'default', 'target_path': 'None', 'introspect': 'True', 'send_anonymous_usage_stats': 'True'}
[0m11:10:49.262934 [debug] [MainThread]: Starter project path: C:\Users\Vansh\anaconda3\Lib\site-packages\dbt\include\starter_project
[0m11:10:49.336425 [info ] [MainThread]: 
Your new dbt project "project" was created!

For more information on how to configure the profiles.yml file,
please consult the dbt documentation here:

  https://docs.getdbt.com/docs/configure-your-profile

One more thing:

Need help? Don't hesitate to reach out to us via GitHub issues or on Slack:

  https://community.getdbt.com/

Happy modeling!

[0m11:10:49.337451 [info ] [MainThread]: Setting up your profile.
[0m11:11:59.292582 [info ] [MainThread]: Profile project written to C:\Users\Vansh\.dbt\profiles.yml using target's profile_template.yml and your supplied values. Run 'dbt debug' to validate the connection.
[0m11:11:59.294477 [debug] [MainThread]: Command `dbt init` succeeded at 11:11:59.294477 after 70.29 seconds
[0m11:11:59.295479 [debug] [MainThread]: Sending event: {'category': 'dbt', 'action': 'invocation', 'label': 'end', 'context': [<snowplow_tracker.self_describing_json.SelfDescribingJson object at 0x0000023A93CE3620>, <snowplow_tracker.self_describing_json.SelfDescribingJson object at 0x0000023A93B435F0>, <snowplow_tracker.self_describing_json.SelfDescribingJson object at 0x0000023A938E3EF0>]}
[0m11:11:59.295479 [debug] [MainThread]: Flushing usage events
[0m11:12:00.888855 [debug] [MainThread]: An error was encountered while trying to flush usage events
[0m11:12:43.006617 [debug] [MainThread]: Sending event: {'category': 'dbt', 'action': 'invocation', 'label': 'start', 'context': [<snowplow_tracker.self_describing_json.SelfDescribingJson object at 0x000001D294A28CE0>, <snowplow_tracker.self_describing_json.SelfDescribingJson object at 0x000001D2977E00B0>, <snowplow_tracker.self_describing_json.SelfDescribingJson object at 0x000001D2948CA870>]}


============================== 11:12:43.012629 | 5285d624-d04e-4dd0-9ff2-864eab9c3b35 ==============================
[0m11:12:43.012629 [info ] [MainThread]: Running with dbt=1.10.1
[0m11:12:43.013632 [debug] [MainThread]: running dbt with arguments {'printer_width': '80', 'indirect_selection': 'eager', 'write_json': 'True', 'log_cache_events': 'False', 'partial_parse': 'True', 'cache_selected_only': 'False', 'profiles_dir': 'C:\\Users\\Vansh\\.dbt', 'fail_fast': 'False', 'warn_error': 'None', 'log_path': 'logs', 'version_check': 'True', 'debug': 'False', 'use_colors': 'True', 'use_experimental_parser': 'False', 'no_print': 'None', 'quiet': 'False', 'empty': 'None', 'log_format': 'default', 'introspect': 'True', 'invocation_command': 'dbt debug', 'static_parser': 'True', 'target_path': 'None', 'warn_error_options': 'WarnErrorOptionsV2(error=[], warn=[], silence=[])', 'send_anonymous_usage_stats': 'True'}
[0m11:12:43.053948 [info ] [MainThread]: dbt version: 1.10.1
[0m11:12:43.054947 [info ] [MainThread]: python version: 3.12.7
[0m11:12:43.056305 [info ] [MainThread]: python path: C:\Users\Vansh\anaconda3\python.exe
[0m11:12:43.056305 [info ] [MainThread]: os info: Windows-11-10.0.26100-SP0
[0m11:12:43.159983 [info ] [MainThread]: Using profiles dir at C:\Users\Vansh\.dbt
[0m11:12:43.160982 [info ] [MainThread]: Using profiles.yml file at C:\Users\Vansh\.dbt\profiles.yml
[0m11:12:43.161984 [info ] [MainThread]: Using dbt_project.yml file at C:\Users\Vansh\Machine Learning\dataChatbot\DataBuildTool\dbt_project.yml
[0m11:12:43.161984 [error] [MainThread]: Encountered an error:
Internal Error
  Profile should not be None if loading profile completed
[0m11:12:43.164004 [debug] [MainThread]: Command `dbt debug` failed at 11:12:43.162982 after 0.38 seconds
[0m11:12:43.164004 [debug] [MainThread]: Sending event: {'category': 'dbt', 'action': 'invocation', 'label': 'end', 'context': [<snowplow_tracker.self_describing_json.SelfDescribingJson object at 0x000001D297393F80>, <snowplow_tracker.self_describing_json.SelfDescribingJson object at 0x000001D298F301A0>, <snowplow_tracker.self_describing_json.SelfDescribingJson object at 0x000001D297BD4740>]}
[0m11:12:43.164999 [debug] [MainThread]: Flushing usage events
[0m11:12:45.155024 [debug] [MainThread]: An error was encountered while trying to flush usage events
[0m11:14:03.414466 [debug] [MainThread]: Sending event: {'category': 'dbt', 'action': 'invocation', 'label': 'start', 'context': [<snowplow_tracker.self_describing_json.SelfDescribingJson object at 0x000001D47E4C8BC0>, <snowplow_tracker.self_describing_json.SelfDescribingJson object at 0x000001D401145340>, <snowplow_tracker.self_describing_json.SelfDescribingJson object at 0x000001D401147BF0>]}


============================== 11:14:03.420480 | ef3bbef7-99d2-43a6-a5f2-71c5deb5821b ==============================
[0m11:14:03.420480 [info ] [MainThread]: Running with dbt=1.10.1
[0m11:14:03.421480 [debug] [MainThread]: running dbt with arguments {'printer_width': '80', 'indirect_selection': 'eager', 'log_cache_events': 'False', 'write_json': 'True', 'partial_parse': 'True', 'cache_selected_only': 'False', 'profiles_dir': 'C:\\Users\\Vansh\\.dbt', 'fail_fast': 'False', 'debug': 'False', 'log_path': 'logs', 'version_check': 'True', 'warn_error': 'None', 'use_colors': 'True', 'use_experimental_parser': 'False', 'no_print': 'None', 'quiet': 'False', 'empty': 'None', 'warn_error_options': 'WarnErrorOptionsV2(error=[], warn=[], silence=[])', 'introspect': 'True', 'invocation_command': 'dbt debug', 'log_format': 'default', 'target_path': 'None', 'static_parser': 'True', 'send_anonymous_usage_stats': 'True'}
[0m11:14:03.458517 [info ] [MainThread]: dbt version: 1.10.1
[0m11:14:03.459514 [info ] [MainThread]: python version: 3.12.7
[0m11:14:03.461515 [info ] [MainThread]: python path: C:\Users\Vansh\anaconda3\python.exe
[0m11:14:03.462515 [info ] [MainThread]: os info: Windows-11-10.0.26100-SP0
[0m11:14:03.572828 [info ] [MainThread]: Using profiles dir at C:\Users\Vansh\.dbt
[0m11:14:03.573828 [info ] [MainThread]: Using profiles.yml file at C:\Users\Vansh\.dbt\profiles.yml
[0m11:14:03.574819 [info ] [MainThread]: Using dbt_project.yml file at C:\Users\Vansh\Machine Learning\dataChatbot\DataBuildTool\dbt_project.yml
[0m11:14:03.576813 [info ] [MainThread]: adapter type: postgres
[0m11:14:03.578815 [info ] [MainThread]: adapter version: 1.9.0
[0m11:14:03.579816 [info ] [MainThread]: Configuration:
[0m11:14:03.580814 [info ] [MainThread]:   profiles.yml file [[32mOK found and valid[0m]
[0m11:14:03.581819 [info ] [MainThread]:   dbt_project.yml file [[31mERROR not found[0m]
[0m11:14:03.582815 [info ] [MainThread]: Required dependencies:
[0m11:14:03.583819 [debug] [MainThread]: Executing "git --help"
[0m11:14:03.638851 [debug] [MainThread]: STDOUT: "b"usage: git [-v | --version] [-h | --help] [-C <path>] [-c <name>=<value>]\n           [--exec-path[=<path>]] [--html-path] [--man-path] [--info-path]\n           [-p | --paginate | -P | --no-pager] [--no-replace-objects] [--bare]\n           [--git-dir=<path>] [--work-tree=<path>] [--namespace=<name>]\n           [--config-env=<name>=<envvar>] <command> [<args>]\n\nThese are common Git commands used in various situations:\n\nstart a working area (see also: git help tutorial)\n   clone     Clone a repository into a new directory\n   init      Create an empty Git repository or reinitialize an existing one\n\nwork on the current change (see also: git help everyday)\n   add       Add file contents to the index\n   mv        Move or rename a file, a directory, or a symlink\n   restore   Restore working tree files\n   rm        Remove files from the working tree and from the index\n\nexamine the history and state (see also: git help revisions)\n   bisect    Use binary search to find the commit that introduced a bug\n   diff      Show changes between commits, commit and working tree, etc\n   grep      Print lines matching a pattern\n   log       Show commit logs\n   show      Show various types of objects\n   status    Show the working tree status\n\ngrow, mark and tweak your common history\n   branch    List, create, or delete branches\n   commit    Record changes to the repository\n   merge     Join two or more development histories together\n   rebase    Reapply commits on top of another base tip\n   reset     Reset current HEAD to the specified state\n   switch    Switch branches\n   tag       Create, list, delete or verify a tag object signed with GPG\n\ncollaborate (see also: git help workflows)\n   fetch     Download objects and refs from another repository\n   pull      Fetch from and integrate with another repository or a local branch\n   push      Update remote refs along with associated objects\n\n'git help -a' and 'git help -g' list available subcommands and some\nconcept guides. See 'git help <command>' or 'git help <concept>'\nto read about a specific subcommand or concept.\nSee 'git help git' for an overview of the system.\n""
[0m11:14:03.638851 [debug] [MainThread]: STDERR: "b''"
[0m11:14:03.639856 [info ] [MainThread]:  - git [[32mOK found[0m]

[0m11:14:03.640936 [info ] [MainThread]: Connection:
[0m11:14:03.641830 [info ] [MainThread]:   host: nozomi.proxy.rlwy.net
[0m11:14:03.642491 [info ] [MainThread]:   port: 14982
[0m11:14:03.643185 [info ] [MainThread]:   user: postgres
[0m11:14:03.643185 [info ] [MainThread]:   database: railway
[0m11:14:03.644234 [info ] [MainThread]:   schema: public
[0m11:14:03.645226 [info ] [MainThread]:   connect_timeout: 10
[0m11:14:03.646226 [info ] [MainThread]:   role: None
[0m11:14:03.646226 [info ] [MainThread]:   search_path: None
[0m11:14:03.647226 [info ] [MainThread]:   keepalives_idle: 0
[0m11:14:03.648229 [info ] [MainThread]:   sslmode: None
[0m11:14:03.649292 [info ] [MainThread]:   sslcert: None
[0m11:14:03.650300 [info ] [MainThread]:   sslkey: None
[0m11:14:03.650300 [info ] [MainThread]:   sslrootcert: None
[0m11:14:03.651322 [info ] [MainThread]:   application_name: dbt
[0m11:14:03.652299 [info ] [MainThread]:   retries: 1
[0m11:14:03.653299 [info ] [MainThread]: Registered adapter: postgres=1.9.0
[0m11:14:03.872509 [debug] [MainThread]: Acquiring new postgres connection 'debug'
[0m11:14:04.134297 [debug] [MainThread]: Using postgres connection "debug"
[0m11:14:04.135284 [debug] [MainThread]: On debug: select 1 as id
[0m11:14:04.135284 [debug] [MainThread]: Opening a new connection, currently in state init
[0m11:14:07.822883 [debug] [MainThread]: SQL status: SELECT 1 in 3.687 seconds
[0m11:14:07.824896 [debug] [MainThread]: On debug: Close
[0m11:14:07.827876 [info ] [MainThread]:   Connection test: [[32mOK connection ok[0m]

[0m11:14:07.829876 [info ] [MainThread]: [31m1 check failed:[0m
[0m11:14:07.830875 [info ] [MainThread]: Project loading failed for the following reason:
 project path <C:\Users\Vansh\Machine Learning\dataChatbot\DataBuildTool\dbt_project.yml> not found

[0m11:14:07.832878 [debug] [MainThread]: Command `dbt debug` failed at 11:14:07.832878 after 4.61 seconds
[0m11:14:07.833877 [debug] [MainThread]: Connection 'debug' was properly closed.
[0m11:14:07.834876 [debug] [MainThread]: Sending event: {'category': 'dbt', 'action': 'invocation', 'label': 'end', 'context': [<snowplow_tracker.self_describing_json.SelfDescribingJson object at 0x000001D40037F110>, <snowplow_tracker.self_describing_json.SelfDescribingJson object at 0x000001D40133F710>, <snowplow_tracker.self_describing_json.SelfDescribingJson object at 0x000001D40162FC50>]}
[0m11:14:07.834876 [debug] [MainThread]: Flushing usage events
[0m11:14:09.608538 [debug] [MainThread]: An error was encountered while trying to flush usage events
